<?xml version="1.0" encoding="UTF-8"?>
<!-- Generated by org.testng.reporters.JUnitReportReporter -->
<testsuite skipped="0" hostname="DESKTOP-M6CC2QN" name="MyinfoTestCases.TC_Myinfo_005" tests="1" failures="0" timestamp="2020-10-01T21:11:02 IST" time="19.996" errors="0">
  <testcase name="verifyContactDetails" time="19.996" classname="MyinfoTestCases.TC_Myinfo_005"/>
  <system-out/>
</testsuite> <!-- MyinfoTestCases.TC_Myinfo_005 -->
