<?xml version="1.0" encoding="UTF-8"?>
<!-- Generated by org.testng.reporters.JUnitReportReporter -->
<testsuite skipped="0" hostname="DESKTOP-M6CC2QN" name="MyinfoTestCases.TC_Myinfo_002" tests="3" failures="0" timestamp="2020-10-16T14:18:51 IST" time="46.042" errors="0">
  <testcase name="verifyUser" time="14.839" classname="MyinfoTestCases.TC_Myinfo_002"/>
  <system-out/>
  <testcase name="verifyUser" time="14.843" classname="MyinfoTestCases.TC_Myinfo_002"/>
  <system-out/>
  <testcase name="verifyUser" time="16.360" classname="MyinfoTestCases.TC_Myinfo_002"/>
  <system-out/>
</testsuite> <!-- MyinfoTestCases.TC_Myinfo_002 -->
