<?xml version="1.0" encoding="UTF-8"?>
<!-- Generated by org.testng.reporters.JUnitReportReporter -->
<testsuite skipped="0" hostname="DESKTOP-M6CC2QN" name="MyinfoTestCases.TC_Myinfo_006" tests="1" failures="0" timestamp="2020-10-18T09:22:28 IST" time="20.664" errors="0">
  <testcase name="VerifyESSUserCanEditFields" time="20.664" classname="MyinfoTestCases.TC_Myinfo_006"/>
  <system-out/>
</testsuite> <!-- MyinfoTestCases.TC_Myinfo_006 -->
