<?xml version="1.0" encoding="UTF-8"?>
<!-- Generated by org.testng.reporters.JUnitReportReporter -->
<testsuite skipped="0" hostname="DESKTOP-M6CC2QN" name="MyinfoTestCases.TC_Myinfo_001" tests="1" failures="0" timestamp="2020-10-16T14:18:51 IST" time="19.459" errors="0">
  <testcase name="verifyUser" time="19.459" classname="MyinfoTestCases.TC_Myinfo_001"/>
  <system-out/>
</testsuite> <!-- MyinfoTestCases.TC_Myinfo_001 -->
