<?xml version="1.0" encoding="UTF-8"?>
<!-- Generated by org.testng.reporters.JUnitReportReporter -->
<testsuite hostname="DESKTOP-Q1N95RN" failures="0" tests="3" name="MyinfoTestCases.TC_Myinfo_002" time="42.501" errors="0" timestamp="2022-05-19T19:17:02 IST" skipped="0">
  <testcase classname="MyinfoTestCases.TC_Myinfo_002" name="verifyUser" time="15.842"/>
  <system-out/>
  <testcase classname="MyinfoTestCases.TC_Myinfo_002" name="verifyUser" time="12.587"/>
  <system-out/>
  <testcase classname="MyinfoTestCases.TC_Myinfo_002" name="verifyUser" time="14.072"/>
  <system-out/>
</testsuite> <!-- MyinfoTestCases.TC_Myinfo_002 -->
