<?xml version="1.0" encoding="UTF-8"?>
<!-- Generated by org.testng.reporters.JUnitReportReporter -->
<testsuite hostname="DESKTOP-Q1N95RN" failures="0" tests="1" name="MyinfoTestCases.TC_Myinfo_006" time="19.508" errors="0" timestamp="2022-05-19T19:17:02 IST" skipped="0">
  <testcase classname="MyinfoTestCases.TC_Myinfo_006" name="VerifyESSUserCanEditFields" time="19.508"/>
  <system-out/>
</testsuite> <!-- MyinfoTestCases.TC_Myinfo_006 -->
