<?xml version="1.0" encoding="UTF-8"?>
<!-- Generated by org.testng.reporters.JUnitReportReporter -->
<testsuite skipped="0" hostname="DESKTOP-M6CC2QN" name="MyinfoTestCases.TC_Myinfo_002" tests="3" failures="0" timestamp="2020-10-18T16:24:12 IST" time="53.637" errors="0">
  <testcase name="verifyUser" time="17.754" classname="MyinfoTestCases.TC_Myinfo_002"/>
  <system-out/>
  <testcase name="verifyUser" time="17.710" classname="MyinfoTestCases.TC_Myinfo_002"/>
  <system-out/>
  <testcase name="verifyUser" time="18.173" classname="MyinfoTestCases.TC_Myinfo_002"/>
  <system-out/>
</testsuite> <!-- MyinfoTestCases.TC_Myinfo_002 -->
