<?xml version="1.0" encoding="UTF-8"?>
<!-- Generated by org.testng.reporters.JUnitReportReporter -->
<testsuite skipped="0" hostname="DESKTOP-M6CC2QN" name="MyinfoTestCases.TC_Myinfo_006" tests="1" failures="0" timestamp="2020-10-18T16:24:12 IST" time="25.042" errors="0">
  <testcase name="VerifyESSUserCanEditFields" time="25.042" classname="MyinfoTestCases.TC_Myinfo_006"/>
  <system-out/>
</testsuite> <!-- MyinfoTestCases.TC_Myinfo_006 -->
